<?xml version="1.0" encoding="UTF-8"?>
<testsuite name="co.com.test.usecase.franchise.FranchiseUseCaseTest" tests="3" skipped="0" failures="0" errors="0" timestamp="2025-04-16T04:06:56.730Z" hostname="192.168.1.5" time="0.047">
  <properties/>
  <testcase name="shouldUpdateFranchise()" classname="co.com.test.usecase.franchise.FranchiseUseCaseTest" time="0.04"/>
  <testcase name="shouldReturnFranchise()" classname="co.com.test.usecase.franchise.FranchiseUseCaseTest" time="0.003"/>
  <testcase name="shouldCreateFranchise()" classname="co.com.test.usecase.franchise.FranchiseUseCaseTest" time="0.002"/>
  <system-out><![CDATA[]]></system-out>
  <system-err><![CDATA[]]></system-err>
</testsuite>
