<?xml version="1.0" encoding="UTF-8"?>
<testsuite name="co.com.test.usecase.franchise.FranchiseUseCaseTest" tests="3" skipped="0" failures="0" errors="0" timestamp="2025-04-16T15:22:42" hostname="DESKTOP-EBIPM1M" time="0.919">
  <properties/>
  <testcase name="shouldUpdateFranchise()" classname="co.com.test.usecase.franchise.FranchiseUseCaseTest" time="0.576"/>
  <testcase name="shouldReturnFranchise()" classname="co.com.test.usecase.franchise.FranchiseUseCaseTest" time="0.017"/>
  <testcase name="shouldCreateFranchise()" classname="co.com.test.usecase.franchise.FranchiseUseCaseTest" time="0.317"/>
  <system-out><![CDATA[]]></system-out>
  <system-err><![CDATA[]]></system-err>
</testsuite>
