<?xml version="1.0" encoding="UTF-8"?>
<testsuite name="co.com.test.usecase.branch.BranchUseCaseTest" tests="4" skipped="0" failures="0" errors="0" timestamp="2025-04-16T04:06:55.159Z" hostname="192.168.1.5" time="1.565">
  <properties/>
  <testcase name="shouldCreateBranch()" classname="co.com.test.usecase.branch.BranchUseCaseTest" time="1.536"/>
  <testcase name="shouldReturnErrorUpdateBranch()" classname="co.com.test.usecase.branch.BranchUseCaseTest" time="0.011"/>
  <testcase name="shouldUpdateBranch()" classname="co.com.test.usecase.branch.BranchUseCaseTest" time="0.011"/>
  <testcase name="shouldReturnErrorCreateBranch()" classname="co.com.test.usecase.branch.BranchUseCaseTest" time="0.004"/>
  <system-out><![CDATA[]]></system-out>
  <system-err><![CDATA[]]></system-err>
</testsuite>
