<?xml version="1.0" encoding="UTF-8"?>
<testsuite name="co.com.test.api.validator.ValidateTest" tests="3" skipped="0" failures="0" errors="0" timestamp="2025-04-16T15:22:50" hostname="DESKTOP-EBIPM1M" time="0.014">
  <properties/>
  <testcase name="shouldCheckSupportsFunction()" classname="co.com.test.api.validator.ValidateTest" time="0.007"/>
  <testcase name="shouldValidateArguments()" classname="co.com.test.api.validator.ValidateTest" time="0.002"/>
  <testcase name="shouldInValidateArguments()" classname="co.com.test.api.validator.ValidateTest" time="0.002"/>
  <system-out><![CDATA[]]></system-out>
  <system-err><![CDATA[]]></system-err>
</testsuite>
