<?xml version="1.0" encoding="UTF-8"?>
<testsuite name="co.com.test.api.validator.ValidateTest" tests="3" skipped="0" failures="0" errors="0" timestamp="2025-04-16T04:07:00.673Z" hostname="192.168.1.5" time="0.009">
  <properties/>
  <testcase name="shouldCheckSupportsFunction()" classname="co.com.test.api.validator.ValidateTest" time="0.006"/>
  <testcase name="shouldValidateArguments()" classname="co.com.test.api.validator.ValidateTest" time="0.001"/>
  <testcase name="shouldInValidateArguments()" classname="co.com.test.api.validator.ValidateTest" time="0.001"/>
  <system-out><![CDATA[]]></system-out>
  <system-err><![CDATA[]]></system-err>
</testsuite>
