<?xml version="1.0" encoding="UTF-8"?>
<testsuite name="co.com.test.api.franchise.FranchiseHandlerTest" tests="5" skipped="0" failures="0" errors="0" timestamp="2025-04-16T15:22:49" hostname="DESKTOP-EBIPM1M" time="0.261">
  <properties/>
  <testcase name="shouldUpdateFranchiseSuccessfully()" classname="co.com.test.api.franchise.FranchiseHandlerTest" time="0.105"/>
  <testcase name="shouldReturnInvalidParametersErrorCreate()" classname="co.com.test.api.franchise.FranchiseHandlerTest" time="0.02"/>
  <testcase name="shouldHandleUpdateFranchiseError()" classname="co.com.test.api.franchise.FranchiseHandlerTest" time="0.014"/>
  <testcase name="shouldCreateFranchiseSuccessfully()" classname="co.com.test.api.franchise.FranchiseHandlerTest" time="0.073"/>
  <testcase name="shouldHandleCreateFranchiseError()" classname="co.com.test.api.franchise.FranchiseHandlerTest" time="0.014"/>
  <system-out><![CDATA[]]></system-out>
  <system-err><![CDATA[]]></system-err>
</testsuite>
