<?xml version="1.0" encoding="UTF-8"?>
<testsuite name="co.com.test.api.franchise.FranchiseHandlerTest" tests="5" skipped="0" failures="0" errors="0" timestamp="2025-04-16T04:07:00.521Z" hostname="192.168.1.5" time="0.064">
  <properties/>
  <testcase name="shouldUpdateFranchiseSuccessfully()" classname="co.com.test.api.franchise.FranchiseHandlerTest" time="0.023"/>
  <testcase name="shouldReturnInvalidParametersErrorCreate()" classname="co.com.test.api.franchise.FranchiseHandlerTest" time="0.007"/>
  <testcase name="shouldHandleUpdateFranchiseError()" classname="co.com.test.api.franchise.FranchiseHandlerTest" time="0.007"/>
  <testcase name="shouldCreateFranchiseSuccessfully()" classname="co.com.test.api.franchise.FranchiseHandlerTest" time="0.01"/>
  <testcase name="shouldHandleCreateFranchiseError()" classname="co.com.test.api.franchise.FranchiseHandlerTest" time="0.008"/>
  <system-out><![CDATA[]]></system-out>
  <system-err><![CDATA[]]></system-err>
</testsuite>
