<?xml version="1.0" encoding="UTF-8"?>
<testsuite name="co.com.test.api.product.ProductHandlerTest" tests="5" skipped="0" failures="0" errors="0" timestamp="2025-04-16T04:07:00.601Z" hostname="192.168.1.5" time="0.071">
  <properties/>
  <testcase name="shouldGetTopProductsSuccessfully()" classname="co.com.test.api.product.ProductHandlerTest" time="0.015"/>
  <testcase name="shouldDeleteProductSuccessfully()" classname="co.com.test.api.product.ProductHandlerTest" time="0.011"/>
  <testcase name="shouldReturnInvalidParametersErrorCreate()" classname="co.com.test.api.product.ProductHandlerTest" time="0.014"/>
  <testcase name="shouldCreateProductSuccessfully()" classname="co.com.test.api.product.ProductHandlerTest" time="0.014"/>
  <testcase name="shouldUpdateStockSuccessfully()" classname="co.com.test.api.product.ProductHandlerTest" time="0.013"/>
  <system-out><![CDATA[]]></system-out>
  <system-err><![CDATA[]]></system-err>
</testsuite>
