<?xml version="1.0" encoding="UTF-8"?>
<testsuite name="co.com.test.api.product.ProductHandlerTest" tests="5" skipped="0" failures="0" errors="0" timestamp="2025-04-16T15:22:50" hostname="DESKTOP-EBIPM1M" time="0.397">
  <properties/>
  <testcase name="shouldGetTopProductsSuccessfully()" classname="co.com.test.api.product.ProductHandlerTest" time="0.037"/>
  <testcase name="shouldDeleteProductSuccessfully()" classname="co.com.test.api.product.ProductHandlerTest" time="0.082"/>
  <testcase name="shouldReturnInvalidParametersErrorCreate()" classname="co.com.test.api.product.ProductHandlerTest" time="0.067"/>
  <testcase name="shouldCreateProductSuccessfully()" classname="co.com.test.api.product.ProductHandlerTest" time="0.052"/>
  <testcase name="shouldUpdateStockSuccessfully()" classname="co.com.test.api.product.ProductHandlerTest" time="0.023"/>
  <system-out><![CDATA[]]></system-out>
  <system-err><![CDATA[]]></system-err>
</testsuite>
