<?xml version="1.0" encoding="UTF-8"?>
<testsuite name="co.com.test.api.branch.BranchHandlerTest" tests="5" skipped="0" failures="0" errors="0" timestamp="2025-04-16T15:22:46" hostname="DESKTOP-EBIPM1M" time="3.027">
  <properties/>
  <testcase name="shouldHandleUpdateBranchError()" classname="co.com.test.api.branch.BranchHandlerTest" time="2.247"/>
  <testcase name="shouldCreateBranchSuccessfully()" classname="co.com.test.api.branch.BranchHandlerTest" time="0.507"/>
  <testcase name="shouldReturnInvalidParametersErrorCreate()" classname="co.com.test.api.branch.BranchHandlerTest" time="0.093"/>
  <testcase name="shouldHandleCreateBranchError()" classname="co.com.test.api.branch.BranchHandlerTest" time="0.107"/>
  <testcase name="shouldUpdateBranchSuccessfully()" classname="co.com.test.api.branch.BranchHandlerTest" time="0.057"/>
  <system-out><![CDATA[
  .   ____          _            __ _ _
 /\\ / ___'_ __ _ _(_)_ __  __ _ \ \ \ \
( ( )\___ | '_ | '_| | '_ \/ _` | \ \ \ \
 \\/  ___)| |_)| | | | | || (_| |  ) ) ) )
  '  |____| .__|_| |_|_| |_\__, | / / / /
 =========|_|==============|___/=/_/_/_/

 :: Spring Boot ::                (v3.3.5)

2025-04-16T10:22:18.285-05:00  INFO 28744 --- [    Test worker] c.com.test.api.branch.BranchHandlerTest  : Starting BranchHandlerTest using Java 17.0.12 with PID 28744 (started by Asus in C:\Users\Asus\Documents\ELVIS_PAREJA\PRUEBAS_TECNICAS\technical_test_ms\infrastructure\entry-points\reactive-web)
2025-04-16T10:22:18.292-05:00  INFO 28744 --- [    Test worker] c.com.test.api.branch.BranchHandlerTest  : No active profile set, falling back to 1 default profile: "default"
2025-04-16T10:22:46.652-05:00  INFO 28744 --- [    Test worker] c.com.test.api.branch.BranchHandlerTest  : Started BranchHandlerTest in 32.045 seconds (process running for 57.691)
]]></system-out>
  <system-err><![CDATA[]]></system-err>
</testsuite>
