<?xml version="1.0" encoding="UTF-8"?>
<testsuite name="co.com.test.r2dbc.config.PostgreSQLConnectionPoolTest" tests="1" skipped="0" failures="0" errors="0" timestamp="2025-04-16T04:06:57.772Z" hostname="192.168.1.5" time="0.301">
  <properties/>
  <testcase name="verifyOracleConnectionConfigurationTest()" classname="co.com.test.r2dbc.config.PostgreSQLConnectionPoolTest" time="0.301"/>
  <system-out><![CDATA[]]></system-out>
  <system-err><![CDATA[]]></system-err>
</testsuite>
