<?xml version="1.0" encoding="UTF-8"?>
<testsuite name="co.com.test.ArchitectureTest" tests="6" skipped="0" failures="0" errors="0" timestamp="2025-04-16T04:07:02.335Z" hostname="192.168.1.5" time="0.44">
  <properties/>
  <testcase name="domainClassesShouldNotBeNamedWithToolNames()" classname="co.com.test.ArchitectureTest" time="0.071"/>
  <testcase name="domainClassesShouldNotHaveFieldsNamedWithToolNames()" classname="co.com.test.ArchitectureTest" time="0.098"/>
  <testcase name="useCaseFinalFields()" classname="co.com.test.ArchitectureTest" time="0.006"/>
  <testcase name="beansShouldOnlyHaveFinalFields()" classname="co.com.test.ArchitectureTest" time="0.014"/>
  <testcase name="reactiveFlowsShouldUseAwsAsyncClients()" classname="co.com.test.ArchitectureTest" time="0.15"/>
  <testcase name="domainClassesShouldNotBeNamedWithTechSuffixes()" classname="co.com.test.ArchitectureTest" time="0.003"/>
  <system-out><![CDATA[23:06:58,740 |-INFO in ch.qos.logback.classic.LoggerContext[default] - This is logback-classic version 1.5.11
23:06:58,744 |-INFO in ch.qos.logback.classic.util.ContextInitializer@538f45f1 - Here is a list of configurators discovered as a service, by rank: 
23:06:58,745 |-INFO in ch.qos.logback.classic.util.ContextInitializer@538f45f1 -   org.springframework.boot.logging.logback.RootLogLevelConfigurator
23:06:58,745 |-INFO in ch.qos.logback.classic.util.ContextInitializer@538f45f1 - They will be invoked in order until ExecutionStatus.DO_NOT_INVOKE_NEXT_IF_ANY is returned.
23:06:58,745 |-INFO in ch.qos.logback.classic.util.ContextInitializer@538f45f1 - Constructed configurator of type class org.springframework.boot.logging.logback.RootLogLevelConfigurator
23:06:58,758 |-INFO in ch.qos.logback.classic.util.ContextInitializer@538f45f1 - org.springframework.boot.logging.logback.RootLogLevelConfigurator.configure() call lasted 1 milliseconds. ExecutionStatus=INVOKE_NEXT_IF_ANY
23:06:58,758 |-INFO in ch.qos.logback.classic.util.ContextInitializer@538f45f1 - Trying to configure with ch.qos.logback.classic.joran.SerializedModelConfigurator
23:06:58,760 |-INFO in ch.qos.logback.classic.util.ContextInitializer@538f45f1 - Constructed configurator of type class ch.qos.logback.classic.joran.SerializedModelConfigurator
23:06:58,761 |-INFO in ch.qos.logback.classic.LoggerContext[default] - Could NOT find resource [logback-test.scmo]
23:06:58,761 |-INFO in ch.qos.logback.classic.LoggerContext[default] - Could NOT find resource [logback.scmo]
23:06:58,761 |-INFO in ch.qos.logback.classic.util.ContextInitializer@538f45f1 - ch.qos.logback.classic.joran.SerializedModelConfigurator.configure() call lasted 1 milliseconds. ExecutionStatus=INVOKE_NEXT_IF_ANY
23:06:58,761 |-INFO in ch.qos.logback.classic.util.ContextInitializer@538f45f1 - Trying to configure with ch.qos.logback.classic.util.DefaultJoranConfigurator
23:06:58,763 |-INFO in ch.qos.logback.classic.util.ContextInitializer@538f45f1 - Constructed configurator of type class ch.qos.logback.classic.util.DefaultJoranConfigurator
23:06:58,763 |-INFO in ch.qos.logback.classic.LoggerContext[default] - Could NOT find resource [logback-test.xml]
23:06:58,765 |-INFO in ch.qos.logback.classic.LoggerContext[default] - Found resource [logback.xml] at [file:/Users/elvis.pareja/Documents/ELVIS_PAREJA/pruebas-tecnicas/technical_test_ms/applications/app-service/build/resources/main/logback.xml]
23:06:59,028 |-WARN in ch.qos.logback.core.model.processor.AppenderModelHandler - Appender named [default] not referenced. Skipping further processing.
23:06:59,028 |-INFO in ch.qos.logback.core.model.processor.AppenderModelHandler - Processing appender named [jsonConsoleAppender]
23:06:59,029 |-INFO in ch.qos.logback.core.model.processor.AppenderModelHandler - About to instantiate appender of type [ch.qos.logback.core.ConsoleAppender]
23:06:59,484 |-INFO in ch.qos.logback.classic.model.processor.RootLoggerModelHandler - Setting level of ROOT logger to INFO
23:06:59,485 |-INFO in ch.qos.logback.core.model.processor.AppenderRefModelHandler - Attaching appender named [jsonConsoleAppender] to Logger[ROOT]
23:06:59,485 |-INFO in ch.qos.logback.core.model.processor.DefaultProcessor@64fc6470 - End of configuration.
23:06:59,486 |-INFO in ch.qos.logback.classic.joran.JoranConfigurator@5cf3a7f9 - Registering current configuration as safe fallback point
23:06:59,486 |-INFO in ch.qos.logback.classic.util.ContextInitializer@538f45f1 - ch.qos.logback.classic.util.DefaultJoranConfigurator.configure() call lasted 723 milliseconds. ExecutionStatus=DO_NOT_INVOKE_NEXT_IF_ANY

{"@timestamp":"2025-04-15T23:06:59.548778-05:00","@version":"1","message":"Detected Java version 17.0.11","logger_name":"com.tngtech.archunit.core.PluginLoader","thread_name":"Test worker","level":"INFO","level_value":20000,"application":"technical_test_ms"}
]]></system-out>
  <system-err><![CDATA[abr. 15, 2025 11:07:02 P. M. co.com.test.Utils findFiles
INFO: begin -1, end 227, length 227
abr. 15, 2025 11:07:02 P. M. co.com.test.Utils findFiles
INFO: begin -1, end 227, length 227
abr. 15, 2025 11:07:02 P. M. co.com.test.Utils findFiles
INFO: begin -1, end 227, length 227
abr. 15, 2025 11:07:02 P. M. co.com.test.Utils findFiles
INFO: begin -1, end 227, length 227
abr. 15, 2025 11:07:02 P. M. co.com.test.Utils findFiles
INFO: begin -1, end 227, length 227
abr. 15, 2025 11:07:02 P. M. co.com.test.Utils findFiles
INFO: begin -1, end 227, length 227
]]></system-err>
</testsuite>
