<?xml version="1.0" encoding="UTF-8"?>
<testsuite name="co.com.test.ArchitectureTest" tests="6" skipped="0" failures="0" errors="0" timestamp="2025-04-16T15:23:08" hostname="DESKTOP-EBIPM1M" time="1.903">
  <properties/>
  <testcase name="domainClassesShouldNotBeNamedWithToolNames()" classname="co.com.test.ArchitectureTest" time="0.917"/>
  <testcase name="domainClassesShouldNotHaveFieldsNamedWithToolNames()" classname="co.com.test.ArchitectureTest" time="0.098"/>
  <testcase name="useCaseFinalFields()" classname="co.com.test.ArchitectureTest" time="0.01"/>
  <testcase name="beansShouldOnlyHaveFinalFields()" classname="co.com.test.ArchitectureTest" time="0.054"/>
  <testcase name="reactiveFlowsShouldUseAwsAsyncClients()" classname="co.com.test.ArchitectureTest" time="0.498"/>
  <testcase name="domainClassesShouldNotBeNamedWithTechSuffixes()" classname="co.com.test.ArchitectureTest" time="0.011"/>
  <system-out><![CDATA[10:22:51,864 |-INFO in ch.qos.logback.classic.LoggerContext[default] - This is logback-classic version 1.5.11
10:22:51,872 |-INFO in ch.qos.logback.classic.util.ContextInitializer@4301fa39 - Here is a list of configurators discovered as a service, by rank: 
10:22:51,872 |-INFO in ch.qos.logback.classic.util.ContextInitializer@4301fa39 -   org.springframework.boot.logging.logback.RootLogLevelConfigurator
10:22:51,872 |-INFO in ch.qos.logback.classic.util.ContextInitializer@4301fa39 - They will be invoked in order until ExecutionStatus.DO_NOT_INVOKE_NEXT_IF_ANY is returned.
10:22:51,872 |-INFO in ch.qos.logback.classic.util.ContextInitializer@4301fa39 - Constructed configurator of type class org.springframework.boot.logging.logback.RootLogLevelConfigurator
10:22:51,886 |-INFO in ch.qos.logback.classic.util.ContextInitializer@4301fa39 - org.springframework.boot.logging.logback.RootLogLevelConfigurator.configure() call lasted 1 milliseconds. ExecutionStatus=INVOKE_NEXT_IF_ANY
10:22:51,886 |-INFO in ch.qos.logback.classic.util.ContextInitializer@4301fa39 - Trying to configure with ch.qos.logback.classic.joran.SerializedModelConfigurator
10:22:51,889 |-INFO in ch.qos.logback.classic.util.ContextInitializer@4301fa39 - Constructed configurator of type class ch.qos.logback.classic.joran.SerializedModelConfigurator
10:22:51,892 |-INFO in ch.qos.logback.classic.LoggerContext[default] - Could NOT find resource [logback-test.scmo]
10:22:51,892 |-INFO in ch.qos.logback.classic.LoggerContext[default] - Could NOT find resource [logback.scmo]
10:22:51,892 |-INFO in ch.qos.logback.classic.util.ContextInitializer@4301fa39 - ch.qos.logback.classic.joran.SerializedModelConfigurator.configure() call lasted 3 milliseconds. ExecutionStatus=INVOKE_NEXT_IF_ANY
10:22:51,892 |-INFO in ch.qos.logback.classic.util.ContextInitializer@4301fa39 - Trying to configure with ch.qos.logback.classic.util.DefaultJoranConfigurator
10:22:51,894 |-INFO in ch.qos.logback.classic.util.ContextInitializer@4301fa39 - Constructed configurator of type class ch.qos.logback.classic.util.DefaultJoranConfigurator
10:22:51,895 |-INFO in ch.qos.logback.classic.LoggerContext[default] - Could NOT find resource [logback-test.xml]
10:22:51,961 |-INFO in ch.qos.logback.classic.LoggerContext[default] - Found resource [logback.xml] at [file:/C:/Users/Asus/Documents/ELVIS_PAREJA/PRUEBAS_TECNICAS/technical_test_ms/applications/app-service/build/resources/main/logback.xml]
10:22:52,701 |-WARN in ch.qos.logback.core.model.processor.AppenderModelHandler - Appender named [default] not referenced. Skipping further processing.
10:22:52,701 |-INFO in ch.qos.logback.core.model.processor.AppenderModelHandler - Processing appender named [jsonConsoleAppender]
10:22:52,701 |-INFO in ch.qos.logback.core.model.processor.AppenderModelHandler - About to instantiate appender of type [ch.qos.logback.core.ConsoleAppender]
10:22:54,545 |-INFO in ch.qos.logback.classic.model.processor.RootLoggerModelHandler - Setting level of ROOT logger to INFO
10:22:54,545 |-INFO in ch.qos.logback.core.model.processor.AppenderRefModelHandler - Attaching appender named [jsonConsoleAppender] to Logger[ROOT]
10:22:54,547 |-INFO in ch.qos.logback.core.model.processor.DefaultProcessor@73dd0f23 - End of configuration.
10:22:54,550 |-INFO in ch.qos.logback.classic.joran.JoranConfigurator@38d4488c - Registering current configuration as safe fallback point
10:22:54,550 |-INFO in ch.qos.logback.classic.util.ContextInitializer@4301fa39 - ch.qos.logback.classic.util.DefaultJoranConfigurator.configure() call lasted 2656 milliseconds. ExecutionStatus=DO_NOT_INVOKE_NEXT_IF_ANY

{"@timestamp":"2025-04-16T10:22:54.7036656-05:00","@version":"1","message":"Detected Java version 17.0.12","logger_name":"com.tngtech.archunit.core.PluginLoader","thread_name":"Test worker","level":"INFO","level_value":20000,"application":"technical_test_ms"}
]]></system-out>
  <system-err><![CDATA[abr. 16, 2025 10:23:08 A. M. co.com.test.Utils findFiles
INFO: begin -1, end 220, length 220
abr. 16, 2025 10:23:10 A. M. co.com.test.Utils findFiles
INFO: begin -1, end 220, length 220
abr. 16, 2025 10:23:10 A. M. co.com.test.Utils findFiles
INFO: begin -1, end 220, length 220
abr. 16, 2025 10:23:10 A. M. co.com.test.Utils findFiles
INFO: begin -1, end 220, length 220
abr. 16, 2025 10:23:10 A. M. co.com.test.Utils findFiles
INFO: begin -1, end 220, length 220
abr. 16, 2025 10:23:10 A. M. co.com.test.Utils findFiles
INFO: begin -1, end 220, length 220
]]></system-err>
</testsuite>
